-- Naive approach --
-- Naive approach --
-- Naive approach --
-- Naive approach --
-- Naive approach --
-- Naive approach --
-- Naive approach --
-- Naive approach --
-Naive- Rank = 7: n = 16 local sum = 140 global sum = 1075 time = 30262
-Naive- Rank = 6: n = 16 local sum = 176 global sum = 1075 time = 30299
-Naive- Rank = 5: n = 16 local sum = 126 global sum = 1075 time = 30374
-Naive- Rank = 0: n = 16 local sum = 169 global sum = 1075 time = 30693
-Naive- Rank = 1: n = 16 local sum = 109 global sum = 1075 time = 30687
-Naive- Rank = 3: n = 16 local sum = 84 global sum = 1075 time = 30494
-Naive- Rank = 4: n = 16 local sum = 140 global sum = 1075 time = 30399
-Naive- Rank = 2: n = 16 local sum = 131 global sum = 1075 time = 30375
-Naive- Rank = 0: n = 32 local sum = 220 global sum = 1708 time = 400
-Naive- Rank = 1: n = 32 local sum = 322 global sum = 1708 time = 406
-Naive- Rank = 7: n = 32 local sum = 195 global sum = 1708 time = 447
-Naive- Rank = 3: n = 32 local sum = 200 global sum = 1708 time = 418
-Naive- Rank = 5: n = 32 local sum = 170 global sum = 1708 time = 427
-Naive- Rank = 6: n = 32 local sum = 238 global sum = 1708 time = 430
-Naive- Rank = 2: n = 32 local sum = 173 global sum = 1708 time = 409
-Naive- Rank = 4: n = 32 local sum = 190 global sum = 1708 time = 415
-Naive- Rank = 7: n = 64 local sum = 464 global sum = 3379 time = 429
-Naive- Rank = 0: n = 64 local sum = 486 global sum = 3379 time = 424
-Naive- Rank = 1: n = 64 local sum = 476 global sum = 3379 time = 418
-Naive- Rank = 6: n = 64 local sum = 329 global sum = 3379 time = 424
-Naive- Rank = 3: n = 64 local sum = 377 global sum = 3379 time = 448
-Naive- Rank = 4: n = 64 local sum = 455 global sum = 3379 time = 448
-Naive- Rank = 2: n = 64 local sum = 427 global sum = 3379 time = 448
-Naive- Rank = 5: n = 64 local sum = 365 global sum = 3379 time = 434
-Naive- Rank = 0: n = 128 local sum = 737 global sum = 6075 time = 415
-Naive- Rank = 1: n = 128 local sum = 825 global sum = 6075 time = 410
-Naive- Rank = 7: n = 128 local sum = 907 global sum = 6075 time = 405
-Naive- Rank = 4: n = 128 local sum = 727 global sum = 6075 time = 380
-Naive- Rank = 6: n = 128 local sum = 847 global sum = 6075 time = 398
-Naive- Rank = 3: n = 128 local sum = 513 global sum = 6075 time = 386
-Naive- Rank = 5: n = 128 local sum = 680 global sum = 6075 time = 398
-Naive- Rank = 2: n = 128 local sum = 839 global sum = 6075 time = 383
-Naive- Rank = 7: n = 256 local sum = 1320 global sum = 12996 time = 420
-Naive- Rank = 6: n = 256 local sum = 1337 global sum = 12996 time = 413
-Naive- Rank = 0: n = 256 local sum = 1597 global sum = 12996 time = 401
-Naive- Rank = 1: n = 256 local sum = 1770 global sum = 12996 time = 407
-Naive- Rank = 3: n = 256 local sum = 1762 global sum = 12996 time = 436
-Naive- Rank = 4: n = 256 local sum = 1530 global sum = 12996 time = 432
-Naive- Rank = 2: n = 256 local sum = 1870 global sum = 12996 time = 433
-Naive- Rank = 5: n = 256 local sum = 1810 global sum = 12996 time = 418
-Naive- Rank = 0: n = 512 local sum = 3346 global sum = 25256 time = 383
-Naive- Rank = 1: n = 512 local sum = 3254 global sum = 25256 time = 382
-Naive- Rank = 6: n = 512 local sum = 3256 global sum = 25256 time = 390
-Naive- Rank = 7: n = 512 local sum = 2934 global sum = 25256 time = 396
-Naive- Rank = 3: n = 512 local sum = 3085 global sum = 25256 time = 376
-Naive- Rank = 5: n = 512 local sum = 3044 global sum = 25256 time = 390
-Naive- Rank = 2: n = 512 local sum = 3093 global sum = 25256 time = 377
-Naive- Rank = 4: n = 512 local sum = 3244 global sum = 25256 time = 371
-Naive- Rank = 7: n = 1024 local sum = 6120 global sum = 48538 time = 387
-Naive- Rank = 0: n = 1024 local sum = 5816 global sum = 48538 time = 384
-Naive- Rank = 1: n = 1024 local sum = 5883 global sum = 48538 time = 378
-Naive- Rank = 3: n = 1024 local sum = 6497 global sum = 48538 time = 390
-Naive- Rank = 4: n = 1024 local sum = 6225 global sum = 48538 time = 389
-Naive- Rank = 6: n = 1024 local sum = 6105 global sum = 48538 time = 383
-Naive- Rank = 2: n = 1024 local sum = 5893 global sum = 48538 time = 390
-Naive- Rank = 5: n = 1024 local sum = 5999 global sum = 48538 time = 389
-Naive- Rank = 6: n = 2048 local sum = 12809 global sum = 102125 time = 397
-Naive- Rank = 0: n = 2048 local sum = 12824 global sum = 102125 time = 407
-Naive- Rank = 1: n = 2048 local sum = 12710 global sum = 102125 time = 401
-Naive- Rank = 4: n = 2048 local sum = 13080 global sum = 102125 time = 396
-Naive- Rank = 7: n = 2048 local sum = 12005 global sum = 102125 time = 404
-Naive- Rank = 3: n = 2048 local sum = 12270 global sum = 102125 time = 402
-Naive- Rank = 5: n = 2048 local sum = 13326 global sum = 102125 time = 396
-Naive- Rank = 2: n = 2048 local sum = 13101 global sum = 102125 time = 397
-Naive- Rank = 7: n = 4096 local sum = 25274 global sum = 200944 time = 417
-Naive- Rank = 0: n = 4096 local sum = 26317 global sum = 200944 time = 399
-Naive- Rank = 1: n = 4096 local sum = 24897 global sum = 200944 time = 393
-Naive- Rank = 4: n = 4096 local sum = 24642 global sum = 200944 time = 403
-Naive- Rank = 3: n = 4096 local sum = 25052 global sum = 200944 time = 401
-Naive- Rank = 6: n = 4096 local sum = 25228 global sum = 200944 time = 408
-Naive- Rank = 2: n = 4096 local sum = 25587 global sum = 200944 time = 398
-Naive- Rank = 5: n = 4096 local sum = 23947 global sum = 200944 time = 401
-Naive- Rank = 7: n = 8192 local sum = 49607 global sum = 407667 time = 421
-Naive- Rank = 0: n = 8192 local sum = 51138 global sum = 407667 time = 445
-Naive- Rank = 1: n = 8192 local sum = 51513 global sum = 407667 time = 450
-Naive- Rank = 6: n = 8192 local sum = 50545 global sum = 407667 time = 422
-Naive- Rank = 2: n = 8192 local sum = 51653 global sum = 407667 time = 448
-Naive- Rank = 4: n = 8192 local sum = 52573 global sum = 407667 time = 449
-Naive- Rank = 3: n = 8192 local sum = 50592 global sum = 407667 time = 447
-Naive- Rank = 5: n = 8192 local sum = 50046 global sum = 407667 time = 435
-Naive- Rank = 7: n = 16384 local sum = 99522 global sum = 806575 time = 513
-Naive- Rank = 6: n = 16384 local sum = 100760 global sum = 806575 time = 506
-Naive- Rank = 4: n = 16384 local sum = 102242 global sum = 806575 time = 498
-Naive- Rank = 0: n = 16384 local sum = 101466 global sum = 806575 time = 534
-Naive- Rank = 1: n = 16384 local sum = 101157 global sum = 806575 time = 528
-Naive- Rank = 3: n = 16384 local sum = 99738 global sum = 806575 time = 505
-Naive- Rank = 5: n = 16384 local sum = 103160 global sum = 806575 time = 503
-Naive- Rank = 2: n = 16384 local sum = 98530 global sum = 806575 time = 507
-Naive- Rank = 7: n = 32768 local sum = 204507 global sum = 1622430 time = 620
-Naive- Rank = 0: n = 32768 local sum = 205028 global sum = 1622430 time = 596
-Naive- Rank = 1: n = 32768 local sum = 203251 global sum = 1622430 time = 589
-Naive- Rank = 4: n = 32768 local sum = 201333 global sum = 1622430 time = 613
-Naive- Rank = 6: n = 32768 local sum = 203021 global sum = 1622430 time = 616
-Naive- Rank = 2: n = 32768 local sum = 200199 global sum = 1622430 time = 611
-Naive- Rank = 5: n = 32768 local sum = 204965 global sum = 1622430 time = 611
-Naive- Rank = 3: n = 32768 local sum = 200126 global sum = 1622430 time = 614
-Naive- Rank = 6: n = 65536 local sum = 399836 global sum = 3232101 time = 795
-Naive- Rank = 0: n = 65536 local sum = 404720 global sum = 3232101 time = 791
-Naive- Rank = 1: n = 65536 local sum = 403795 global sum = 3232101 time = 797
-Naive- Rank = 4: n = 65536 local sum = 403574 global sum = 3232101 time = 794
-Naive- Rank = 5: n = 65536 local sum = 403481 global sum = 3232101 time = 794
-Naive- Rank = 7: n = 65536 local sum = 406434 global sum = 3232101 time = 801
-Naive- Rank = 2: n = 65536 local sum = 407136 global sum = 3232101 time = 805
-Naive- Rank = 3: n = 65536 local sum = 403125 global sum = 3232101 time = 805
-Naive- Rank = 6: n = 131072 local sum = 811153 global sum = 6502516 time = 1200
-Naive- Rank = 0: n = 131072 local sum = 809279 global sum = 6502516 time = 1206
-Naive- Rank = 1: n = 131072 local sum = 813422 global sum = 6502516 time = 1200
-Naive- Rank = 4: n = 131072 local sum = 807101 global sum = 6502516 time = 1195
-Naive- Rank = 7: n = 131072 local sum = 811134 global sum = 6502516 time = 1207
-Naive- Rank = 2: n = 131072 local sum = 818062 global sum = 6502516 time = 1204
-Naive- Rank = 5: n = 131072 local sum = 817309 global sum = 6502516 time = 1207
-Naive- Rank = 3: n = 131072 local sum = 815056 global sum = 6502516 time = 1202
-Naive- Rank = 6: n = 262144 local sum = 1621055 global sum = 13010084 time = 2029
-Naive- Rank = 4: n = 262144 local sum = 1621210 global sum = 13010084 time = 2031
-Naive- Rank = 0: n = 262144 local sum = 1625393 global sum = 13010084 time = 2053
-Naive- Rank = 1: n = 262144 local sum = 1631311 global sum = 13010084 time = 2047
-Naive- Rank = 3: n = 262144 local sum = 1625480 global sum = 13010084 time = 2037
-Naive- Rank = 5: n = 262144 local sum = 1632396 global sum = 13010084 time = 2028
-Naive- Rank = 7: n = 262144 local sum = 1634529 global sum = 13010084 time = 2034
-Naive- Rank = 2: n = 262144 local sum = 1618710 global sum = 13010084 time = 2036
-Naive- Rank = 6: n = 524288 local sum = 3245710 global sum = 25949848 time = 3729
-Naive- Rank = 4: n = 524288 local sum = 3239369 global sum = 25949848 time = 3754
-Naive- Rank = 0: n = 524288 local sum = 3238680 global sum = 25949848 time = 3763
-Naive- Rank = 1: n = 524288 local sum = 3254083 global sum = 25949848 time = 3763
-Naive- Rank = 7: n = 524288 local sum = 3246031 global sum = 25949848 time = 3733
-Naive- Rank = 3: n = 524288 local sum = 3237921 global sum = 25949848 time = 3763
-Naive- Rank = 5: n = 524288 local sum = 3242051 global sum = 25949848 time = 3759
-Naive- Rank = 2: n = 524288 local sum = 3246003 global sum = 25949848 time = 3765
-Naive- Rank = 6: n = 1048576 local sum = 6490821 global sum = 51922542 time = 7011
---- End Naive Approach ----
Naive Total Time: 49850

-- Hypercubic approach --
-Naive- Rank = 0: n = 1048576 local sum = 6485114 global sum = 51922542 time = 6969
---- End Naive Approach ----
Naive Total Time: 50263

-- Hypercubic approach --
-Naive- Rank = 1: n = 1048576 local sum = 6488845 global sum = 51922542 time = 6973
---- End Naive Approach ----
Naive Total Time: 50229

-- Hypercubic approach --
-Naive- Rank = 3: n = 1048576 local sum = 6489850 global sum = 51922542 time = 6982
---- End Naive Approach ----
Naive Total Time: 50106

-- Hypercubic approach --
-Naive- Rank = 4: n = 1048576 local sum = 6498675 global sum = 51922542 time = 6990
---- End Naive Approach ----
Naive Total Time: 49957

-- Hypercubic approach --
-Naive- Rank = 5: n = 1048576 local sum = 6491346 global sum = 51922542 time = 6989
---- End Naive Approach ----
Naive Total Time: 49953

-- Hypercubic approach --
-Naive- Rank = 7: n = 1048576 local sum = 6493774 global sum = 51922542 time = 7016
---- End Naive Approach ----
Naive Total Time: 49912

-- Hypercubic approach --
-Naive- Rank = 2: n = 1048576 local sum = 6484117 global sum = 51922542 time = 6980
---- End Naive Approach ----
Naive Total Time: 49966

-- Hypercubic approach --
-Hyper- Rank = 1: n = 16 local sum = 67 global sum = 126 time = 423
-Hyper- Rank = 4: n = 16 local sum = 48 global sum = 70 time = 469
-Hyper- Rank = 6: n = 16 local sum = 103 global sum = 91 time = 574
-Hyper- Rank = 3: n = 16 local sum = 155 global sum = 161 time = 551
-Hyper- Rank = 5: n = 16 local sum = 91 global sum = 103 time = 2622
-Hyper- Rank = 7: n = 16 local sum = 70 global sum = 48 time = 2747
-Hyper- Rank = 0: n = 16 local sum = 161 global sum = 155 time = 2732
-Hyper- Rank = 7: n = 32 local sum = 340 global sum = 266 time = 33
-Hyper- Rank = 4: n = 32 local sum = 266 global sum = 340 time = 2272
-Hyper- Rank = 5: n = 32 local sum = 201 global sum = 173 time = 139
-Hyper- Rank = 6: n = 32 local sum = 173 global sum = 201 time = 2191
-Hyper- Rank = 1: n = 32 local sum = 263 global sum = 200 time = 2471
-Hyper- Rank = 1: n = 64 local sum = 367 global sum = 409 time = 37
-Hyper- Rank = 0: n = 32 local sum = 268 global sum = 125 time = 150
-Hyper- Rank = 0: n = 64 local sum = 448 global sum = 360 time = 45
-Hyper- Rank = 6: n = 64 local sum = 398 global sum = 251 time = 104
-Hyper- Rank = 2: n = 16 local sum = 126 global sum = 67 time = 2834
-Hyper- Rank = 4: n = 64 local sum = 424 global sum = 529 time = 124
-Hyper- Rank = 7: n = 64 local sum = 529 global sum = 424 time = 112
-Hyper- Rank = 1: n = 128 local sum = 847 global sum = 690 time = 150
-Hyper- Rank = 0: n = 128 local sum = 817 global sum = 786 time = 141
-Hyper- Rank = 6: n = 128 local sum = 903 global sum = 926 time = 141
-Hyper- Rank = 3: n = 32 local sum = 125 global sum = 268 time = 2352
-Hyper- Rank = 5: n = 64 local sum = 251 global sum = 398 time = 118
-Hyper- Rank = 1: n = 256 local sum = 1638 global sum = 1547 time = 121
-Hyper- Rank = 0: n = 256 local sum = 1883 global sum = 1766 time = 132
-Hyper- Rank = 7: n = 128 local sum = 896 global sum = 804 time = 131
-Hyper- Rank = 2: n = 32 local sum = 200 global sum = 263 time = 49
-Hyper- Rank = 4: n = 128 local sum = 804 global sum = 896 time = 33
-Hyper- Rank = 1: n = 512 local sum = 2865 global sum = 3185 time = 129
-Hyper- Rank = 1: n = 1024 local sum = 6496 global sum = 6868 time = 56
-Hyper- Rank = 0: n = 512 local sum = 2821 global sum = 3319 time = 144
-Hyper- Rank = 0: n = 1024 local sum = 6713 global sum = 6655 time = 31
-Hyper- Rank = 6: n = 256 local sum = 1370 global sum = 1443 time = 121
-Hyper- Rank = 2: n = 64 local sum = 409 global sum = 367 time = 120
-Hyper- Rank = 5: n = 128 local sum = 926 global sum = 903 time = 35
-Hyper- Rank = 7: n = 256 local sum = 1794 global sum = 1449 time = 118
-Hyper- Rank = 3: n = 64 local sum = 360 global sum = 448 time = 123
-Hyper- Rank = 4: n = 256 local sum = 1449 global sum = 1794 time = 117
-Hyper- Rank = 1: n = 2048 local sum = 12530 global sum = 13069 time = 163
-Hyper- Rank = 0: n = 2048 local sum = 13089 global sum = 12072 time = 169
-Hyper- Rank = 5: n = 256 local sum = 1443 global sum = 1370 time = 121
-Hyper- Rank = 6: n = 512 local sum = 3105 global sum = 3109 time = 36
-Hyper- Rank = 2: n = 128 local sum = 690 global sum = 847 time = 178
-Hyper- Rank = 1: n = 4096 local sum = 25542 global sum = 25864 time = 135
-Hyper- Rank = 1: n = 8192 local sum = 50397 global sum = 50350 time = 86
-Hyper- Rank = 0: n = 4096 local sum = 24926 global sum = 24782 time = 143
-Hyper- Rank = 0: n = 8192 local sum = 50325 global sum = 50735 time = 83
-Hyper- Rank = 7: n = 512 local sum = 3412 global sum = 3314 time = 43
-Hyper- Rank = 3: n = 128 local sum = 786 global sum = 817 time = 174
-Hyper- Rank = 4: n = 512 local sum = 3314 global sum = 3412 time = 159
-Hyper- Rank = 6: n = 1024 local sum = 6331 global sum = 5923 time = 130
-Hyper- Rank = 2: n = 256 local sum = 1547 global sum = 1638 time = 24
-Hyper- Rank = 5: n = 512 local sum = 3109 global sum = 3105 time = 156
-Hyper- Rank = 7: n = 1024 local sum = 6376 global sum = 6773 time = 145
-Hyper- Rank = 3: n = 256 local sum = 1766 global sum = 1883 time = 42
-Hyper- Rank = 4: n = 1024 local sum = 6773 global sum = 6376 time = 133
-Hyper- Rank = 6: n = 2048 local sum = 12313 global sum = 13041 time = 177
-Hyper- Rank = 3: n = 512 local sum = 3319 global sum = 2821 time = 115
-Hyper- Rank = 5: n = 1024 local sum = 5923 global sum = 6331 time = 129
-Hyper- Rank = 1: n = 16384 local sum = 101577 global sum = 102334 time = 246
-Hyper- Rank = 0: n = 16384 local sum = 101229 global sum = 102269 time = 239
-Hyper- Rank = 7: n = 2048 local sum = 12469 global sum = 12050 time = 152
-Hyper- Rank = 2: n = 512 local sum = 3185 global sum = 2865 time = 112
-Hyper- Rank = 4: n = 2048 local sum = 12050 global sum = 12469 time = 45
-Hyper- Rank = 7: n = 4096 local sum = 24661 global sum = 26189 time = 49
-Hyper- Rank = 3: n = 1024 local sum = 6655 global sum = 6713 time = 138
-Hyper- Rank = 5: n = 2048 local sum = 13041 global sum = 12313 time = 60
-Hyper- Rank = 6: n = 4096 local sum = 25485 global sum = 25550 time = 56
-Hyper- Rank = 2: n = 1024 local sum = 6868 global sum = 6496 time = 147
-Hyper- Rank = 4: n = 4096 local sum = 26189 global sum = 24661 time = 197
-Hyper- Rank = 1: n = 32768 local sum = 201525 global sum = 203387 time = 253
-Hyper- Rank = 0: n = 32768 local sum = 201888 global sum = 200683 time = 258
-Hyper- Rank = 7: n = 8192 local sum = 50478 global sum = 48996 time = 204
-Hyper- Rank = 2: n = 2048 local sum = 13069 global sum = 12530 time = 40
-Hyper- Rank = 5: n = 4096 local sum = 25550 global sum = 25485 time = 182
-Hyper- Rank = 6: n = 8192 local sum = 50093 global sum = 50299 time = 196
-Hyper- Rank = 3: n = 2048 local sum = 12072 global sum = 13089 time = 46
-Hyper- Rank = 4: n = 8192 local sum = 48996 global sum = 50478 time = 116
-Hyper- Rank = 6: n = 16384 local sum = 101727 global sum = 100914 time = 173
-Hyper- Rank = 2: n = 4096 local sum = 25864 global sum = 25542 time = 172
-Hyper- Rank = 5: n = 8192 local sum = 50299 global sum = 50093 time = 117
-Hyper- Rank = 7: n = 16384 local sum = 101352 global sum = 100143 time = 167
-Hyper- Rank = 3: n = 4096 local sum = 24782 global sum = 24926 time = 171
-Hyper- Rank = 4: n = 16384 local sum = 100143 global sum = 101352 time = 181
-Hyper- Rank = 5: n = 16384 local sum = 100914 global sum = 101727 time = 180
-Hyper- Rank = 7: n = 32768 local sum = 200077 global sum = 202427 time = 292
-Hyper- Rank = 2: n = 8192 local sum = 50350 global sum = 50397 time = 199
-Hyper- Rank = 6: n = 32768 local sum = 204683 global sum = 200928 time = 289
-Hyper- Rank = 3: n = 8192 local sum = 50735 global sum = 50325 time = 198
-Hyper- Rank = 4: n = 32768 local sum = 202427 global sum = 200077 time = 278
-Hyper- Rank = 1: n = 65536 local sum = 406829 global sum = 403800 time = 485
-Hyper- Rank = 0: n = 65536 local sum = 406040 global sum = 406588 time = 491
-Hyper- Rank = 7: n = 65536 local sum = 403380 global sum = 402978 time = 479
-Hyper- Rank = 3: n = 16384 local sum = 102269 global sum = 101229 time = 137
-Hyper- Rank = 5: n = 32768 local sum = 200928 global sum = 204683 time = 281
-Hyper- Rank = 2: n = 16384 local sum = 102334 global sum = 101577 time = 128
-Hyper- Rank = 4: n = 65536 local sum = 402978 global sum = 403380 time = 496
-Hyper- Rank = 6: n = 65536 local sum = 405713 global sum = 401077 time = 477
-Hyper- Rank = 2: n = 32768 local sum = 203387 global sum = 201525 time = 333
-Hyper- Rank = 5: n = 65536 local sum = 401077 global sum = 405713 time = 495
-Hyper- Rank = 3: n = 32768 local sum = 200683 global sum = 201888 time = 327
-Hyper- Rank = 2: n = 65536 local sum = 403800 global sum = 406829 time = 466
-Hyper- Rank = 3: n = 65536 local sum = 406588 global sum = 406040 time = 468
-Hyper- Rank = 6: n = 131072 local sum = 806004 global sum = 814258 time = 904
-Hyper- Rank = 4: n = 131072 local sum = 811727 global sum = 810846 time = 878
-Hyper- Rank = 7: n = 131072 local sum = 810846 global sum = 811727 time = 910
-Hyper- Rank = 5: n = 131072 local sum = 814258 global sum = 806004 time = 886
-Hyper- Rank = 1: n = 131072 local sum = 810122 global sum = 813511 time = 903
-Hyper- Rank = 0: n = 131072 local sum = 810537 global sum = 816785 time = 896
-Hyper- Rank = 3: n = 131072 local sum = 816785 global sum = 810537 time = 916
-Hyper- Rank = 2: n = 131072 local sum = 813511 global sum = 810122 time = 920
-Hyper- Rank = 4: n = 262144 local sum = 1618420 global sum = 1620829 time = 1732
-Hyper- Rank = 6: n = 262144 local sum = 1613873 global sum = 1625467 time = 1695
-Hyper- Rank = 7: n = 262144 local sum = 1620829 global sum = 1618420 time = 1703
-Hyper- Rank = 5: n = 262144 local sum = 1625467 global sum = 1613873 time = 1730
-Hyper- Rank = 1: n = 262144 local sum = 1621109 global sum = 1616695 time = 1713
-Hyper- Rank = 0: n = 262144 local sum = 1616715 global sum = 1619946 time = 1717
-Hyper- Rank = 3: n = 262144 local sum = 1619946 global sum = 1616715 time = 1701
-Hyper- Rank = 2: n = 262144 local sum = 1616695 global sum = 1621109 time = 1706
-Hyper- Rank = 7: n = 524288 local sum = 3244291 global sum = 3256788 time = 3380
-Hyper- Rank = 4: n = 524288 local sum = 3256788 global sum = 3244291 time = 3351
-Hyper- Rank = 6: n = 524288 local sum = 3229628 global sum = 3250420 time = 3388
-Hyper- Rank = 5: n = 524288 local sum = 3250420 global sum = 3229628 time = 3356
-Hyper- Rank = 1: n = 524288 local sum = 3248304 global sum = 3237770 time = 3374
-Hyper- Rank = 0: n = 524288 local sum = 3244868 global sum = 3247866 time = 3381
-Hyper- Rank = 2: n = 524288 local sum = 3237770 global sum = 3248304 time = 3369
-Hyper- Rank = 3: n = 524288 local sum = 3247866 global sum = 3244868 time = 3371
-Hyper- Rank = 6: n = 1048576 local sum = 6483286 global sum = 6497716 time = 6645
---- End Hypercubic Approach ----
Hypercubic Total Time: 17297

-- MPI approach --
-Hyper- Rank = 4: n = 1048576 local sum = 6482017 global sum = 6478378 time = 6668
---- End Hypercubic Approach ----
Hypercubic Total Time: 17249

-- MPI approach --
-Hyper- Rank = 0: n = 1048576 local sum = 6494209 global sum = 6504489 time = 6628
---- End Hypercubic Approach ----
Hypercubic Total Time: 17380

-- MPI approach --
-Hyper- Rank = 7: n = 1048576 local sum = 6478378 global sum = 6482017 time = 6649
---- End Hypercubic Approach ----
Hypercubic Total Time: 17314

-- MPI approach --
-Hyper- Rank = 5: n = 1048576 local sum = 6497716 global sum = 6483286 time = 6667
---- End Hypercubic Approach ----
Hypercubic Total Time: 17274

-- MPI approach --
-Hyper- Rank = 1: n = 1048576 local sum = 6500705 global sum = 6476797 time = 6657
---- End Hypercubic Approach ----
Hypercubic Total Time: 17402

-- MPI approach --
-Hyper- Rank = 2: n = 1048576 local sum = 6476797 global sum = 6500705 time = 6677
---- End Hypercubic Approach ----
Hypercubic Total Time: 17474

-- MPI approach --
-Hyper- Rank = 3: n = 1048576 local sum = 6504489 global sum = 6494209 time = 6668
---- End Hypercubic Approach ----
Hypercubic Total Time: 17498

-- MPI approach --
-MPI- Rank = 1: n = 16 local sum = 141 global sum = 763 time = 326
-MPI- Rank = 0: n = 16 local sum = 116 global sum = 763 time = 364
-MPI- Rank = 1: n = 32 local sum = 200 global sum = 1796 time = 171
-MPI- Rank = 0: n = 32 local sum = 202 global sum = 1796 time = 162
-MPI- Rank = 6: n = 16 local sum = 33 global sum = 763 time = 574
-MPI- Rank = 3: n = 16 local sum = 129 global sum = 763 time = 341
-MPI- Rank = 4: n = 16 local sum = 129 global sum = 763 time = 543
-MPI- Rank = 7: n = 16 local sum = 56 global sum = 763 time = 571
-MPI- Rank = 2: n = 16 local sum = 19 global sum = 763 time = 340
-MPI- Rank = 5: n = 16 local sum = 140 global sum = 763 time = 535
-MPI- Rank = 1: n = 64 local sum = 451 global sum = 3447 time = 173
-MPI- Rank = 0: n = 64 local sum = 385 global sum = 3447 time = 176
-MPI- Rank = 6: n = 32 local sum = 222 global sum = 1796 time = 186
-MPI- Rank = 2: n = 32 local sum = 252 global sum = 1796 time = 96
-MPI- Rank = 4: n = 32 local sum = 196 global sum = 1796 time = 302
-MPI- Rank = 7: n = 32 local sum = 270 global sum = 1796 time = 191
-MPI- Rank = 3: n = 32 local sum = 296 global sum = 1796 time = 97
-MPI- Rank = 1: n = 128 local sum = 828 global sum = 6374 time = 235
-MPI- Rank = 1: n = 256 local sum = 1797 global sum = 13014 time = 185
-MPI- Rank = 0: n = 128 local sum = 994 global sum = 6374 time = 243
-MPI- Rank = 0: n = 256 local sum = 1635 global sum = 13014 time = 146
-MPI- Rank = 7: n = 64 local sum = 523 global sum = 3447 time = 232
-MPI- Rank = 3: n = 64 local sum = 307 global sum = 3447 time = 325
-MPI- Rank = 5: n = 32 local sum = 158 global sum = 1796 time = 342
-MPI- Rank = 6: n = 64 local sum = 441 global sum = 3447 time = 226
-MPI- Rank = 2: n = 64 local sum = 371 global sum = 3447 time = 339
-MPI- Rank = 4: n = 64 local sum = 577 global sum = 3447 time = 67
-MPI- Rank = 7: n = 128 local sum = 855 global sum = 6374 time = 132
-MPI- Rank = 3: n = 128 local sum = 841 global sum = 6374 time = 79
-MPI- Rank = 5: n = 64 local sum = 392 global sum = 3447 time = 28
-MPI- Rank = 1: n = 512 local sum = 3301 global sum = 24824 time = 176
-MPI- Rank = 0: n = 512 local sum = 3339 global sum = 24824 time = 199
-MPI- Rank = 2: n = 128 local sum = 742 global sum = 6374 time = 64
-MPI- Rank = 4: n = 128 local sum = 714 global sum = 6374 time = 329
-MPI- Rank = 6: n = 128 local sum = 768 global sum = 6374 time = 131
-MPI- Rank = 1: n = 1024 local sum = 6291 global sum = 49657 time = 205
-MPI- Rank = 0: n = 1024 local sum = 6128 global sum = 49657 time = 195
-MPI- Rank = 2: n = 256 local sum = 1862 global sum = 13014 time = 335
-MPI- Rank = 5: n = 128 local sum = 632 global sum = 6374 time = 339
-MPI- Rank = 7: n = 256 local sum = 1622 global sum = 13014 time = 271
-MPI- Rank = 6: n = 256 local sum = 1613 global sum = 13014 time = 245
-MPI- Rank = 3: n = 256 local sum = 1436 global sum = 13014 time = 366
-MPI- Rank = 3: n = 512 local sum = 3353 global sum = 24824 time = 30
-MPI- Rank = 4: n = 256 local sum = 1756 global sum = 13014 time = 50
-MPI- Rank = 1: n = 2048 local sum = 12754 global sum = 100882 time = 153
-MPI- Rank = 0: n = 2048 local sum = 12754 global sum = 100882 time = 160
-MPI- Rank = 7: n = 512 local sum = 3375 global sum = 24824 time = 182
-MPI- Rank = 2: n = 512 local sum = 2825 global sum = 24824 time = 55
-MPI- Rank = 5: n = 256 local sum = 1293 global sum = 13014 time = 41
-MPI- Rank = 6: n = 512 local sum = 2943 global sum = 24824 time = 209
-MPI- Rank = 2: n = 1024 local sum = 6122 global sum = 49657 time = 257
-MPI- Rank = 4: n = 512 local sum = 3055 global sum = 24824 time = 296
-MPI- Rank = 1: n = 4096 local sum = 24563 global sum = 201541 time = 197
-MPI- Rank = 0: n = 4096 local sum = 25203 global sum = 201541 time = 205
-MPI- Rank = 3: n = 1024 local sum = 6424 global sum = 49657 time = 254
-MPI- Rank = 5: n = 512 local sum = 2633 global sum = 24824 time = 286
-MPI- Rank = 6: n = 1024 local sum = 6091 global sum = 49657 time = 113
-MPI- Rank = 7: n = 1024 local sum = 5790 global sum = 49657 time = 118
-MPI- Rank = 3: n = 2048 local sum = 12948 global sum = 100882 time = 184
-MPI- Rank = 4: n = 1024 local sum = 6623 global sum = 49657 time = 159
-MPI- Rank = 6: n = 2048 local sum = 12782 global sum = 100882 time = 212
-MPI- Rank = 2: n = 2048 local sum = 12544 global sum = 100882 time = 178
-MPI- Rank = 5: n = 1024 local sum = 6188 global sum = 49657 time = 172
-MPI- Rank = 1: n = 8192 local sum = 49368 global sum = 402595 time = 256
-MPI- Rank = 0: n = 8192 local sum = 49597 global sum = 402595 time = 249
-MPI- Rank = 7: n = 2048 local sum = 12050 global sum = 100882 time = 215
-MPI- Rank = 3: n = 4096 local sum = 25080 global sum = 201541 time = 223
-MPI- Rank = 4: n = 2048 local sum = 12761 global sum = 100882 time = 200
-MPI- Rank = 7: n = 4096 local sum = 26387 global sum = 201541 time = 215
-MPI- Rank = 2: n = 4096 local sum = 25241 global sum = 201541 time = 215
-MPI- Rank = 5: n = 2048 local sum = 12289 global sum = 100882 time = 171
-MPI- Rank = 4: n = 4096 local sum = 24487 global sum = 201541 time = 223
-MPI- Rank = 6: n = 4096 local sum = 25098 global sum = 201541 time = 207
-MPI- Rank = 3: n = 8192 local sum = 51600 global sum = 402595 time = 278
-MPI- Rank = 1: n = 16384 local sum = 99253 global sum = 804148 time = 305
-MPI- Rank = 0: n = 16384 local sum = 99677 global sum = 804148 time = 303
-MPI- Rank = 7: n = 8192 local sum = 50109 global sum = 402595 time = 256
-MPI- Rank = 2: n = 8192 local sum = 49828 global sum = 402595 time = 280
-MPI- Rank = 5: n = 4096 local sum = 25482 global sum = 201541 time = 252
-MPI- Rank = 6: n = 8192 local sum = 51950 global sum = 402595 time = 257
-MPI- Rank = 4: n = 8192 local sum = 50434 global sum = 402595 time = 231
-MPI- Rank = 7: n = 16384 local sum = 102063 global sum = 804148 time = 268
-MPI- Rank = 3: n = 16384 local sum = 100121 global sum = 804148 time = 194
-MPI- Rank = 5: n = 8192 local sum = 49709 global sum = 402595 time = 220
-MPI- Rank = 4: n = 16384 local sum = 100278 global sum = 804148 time = 298
-MPI- Rank = 6: n = 16384 local sum = 102253 global sum = 804148 time = 264
-MPI- Rank = 2: n = 16384 local sum = 102131 global sum = 804148 time = 188
-MPI- Rank = 5: n = 16384 local sum = 98372 global sum = 804148 time = 302
-MPI- Rank = 1: n = 32768 local sum = 203952 global sum = 1625594 time = 366
-MPI- Rank = 0: n = 32768 local sum = 203708 global sum = 1625594 time = 373
-MPI- Rank = 4: n = 32768 local sum = 202615 global sum = 1625594 time = 294
-MPI- Rank = 7: n = 32768 local sum = 202766 global sum = 1625594 time = 388
-MPI- Rank = 6: n = 32768 local sum = 203818 global sum = 1625594 time = 387
-MPI- Rank = 2: n = 32768 local sum = 205023 global sum = 1625594 time = 437
-MPI- Rank = 5: n = 32768 local sum = 199999 global sum = 1625594 time = 297
-MPI- Rank = 3: n = 32768 local sum = 203713 global sum = 1625594 time = 433
-MPI- Rank = 1: n = 65536 local sum = 409786 global sum = 3237926 time = 576
-MPI- Rank = 0: n = 65536 local sum = 401566 global sum = 3237926 time = 568
-MPI- Rank = 3: n = 65536 local sum = 403376 global sum = 3237926 time = 475
-MPI- Rank = 7: n = 65536 local sum = 407232 global sum = 3237926 time = 559
-MPI- Rank = 2: n = 65536 local sum = 400796 global sum = 3237926 time = 482
-MPI- Rank = 6: n = 65536 local sum = 407078 global sum = 3237926 time = 552
-MPI- Rank = 5: n = 65536 local sum = 402393 global sum = 3237926 time = 642
-MPI- Rank = 4: n = 65536 local sum = 405699 global sum = 3237926 time = 641
-MPI- Rank = 1: n = 131072 local sum = 812091 global sum = 6491034 time = 993
-MPI- Rank = 0: n = 131072 local sum = 817373 global sum = 6491034 time = 979
-MPI- Rank = 5: n = 131072 local sum = 807200 global sum = 6491034 time = 893
-MPI- Rank = 7: n = 131072 local sum = 807219 global sum = 6491034 time = 997
-MPI- Rank = 2: n = 131072 local sum = 811666 global sum = 6491034 time = 1065
-MPI- Rank = 4: n = 131072 local sum = 809582 global sum = 6491034 time = 901
-MPI- Rank = 6: n = 131072 local sum = 815082 global sum = 6491034 time = 993
-MPI- Rank = 3: n = 131072 local sum = 810821 global sum = 6491034 time = 1070
-MPI- Rank = 1: n = 262144 local sum = 1620110 global sum = 12967018 time = 1766
-MPI- Rank = 0: n = 262144 local sum = 1622724 global sum = 12967018 time = 1780
-MPI- Rank = 3: n = 262144 local sum = 1625104 global sum = 12967018 time = 1710
-MPI- Rank = 2: n = 262144 local sum = 1626690 global sum = 12967018 time = 1708
-MPI- Rank = 7: n = 262144 local sum = 1620393 global sum = 12967018 time = 1787
-MPI- Rank = 5: n = 262144 local sum = 1613166 global sum = 12967018 time = 1881
-MPI- Rank = 6: n = 262144 local sum = 1619224 global sum = 12967018 time = 1815
-MPI- Rank = 4: n = 262144 local sum = 1619607 global sum = 12967018 time = 1874
-MPI- Rank = 1: n = 524288 local sum = 3250425 global sum = 25928770 time = 3476
-MPI- Rank = 0: n = 524288 local sum = 3250781 global sum = 25928770 time = 3484
-MPI- Rank = 5: n = 524288 local sum = 3237606 global sum = 25928770 time = 3368
-MPI- Rank = 7: n = 524288 local sum = 3228199 global sum = 25928770 time = 3452
-MPI- Rank = 3: n = 524288 local sum = 3244454 global sum = 25928770 time = 3534
-MPI- Rank = 4: n = 524288 local sum = 3230885 global sum = 25928770 time = 3376
-MPI- Rank = 6: n = 524288 local sum = 3242571 global sum = 25928770 time = 3421
-MPI- Rank = 2: n = 524288 local sum = 3243849 global sum = 25928770 time = 3528
-MPI- Rank = 1: n = 1048576 local sum = 6513224 global sum = 51946570 time = 6708
---- End MPI Approach ----
MPI Total Time: 16267

-MPI- Rank = 0: n = 1048576 local sum = 6484160 global sum = 51946570 time = 6703
---- End MPI Approach ----
MPI Total Time: 16289

-MPI- Rank = 3: n = 1048576 local sum = 6510130 global sum = 51946570 time = 6681
---- End MPI Approach ----
MPI Total Time: 16274

-MPI- Rank = 6: n = 1048576 local sum = 6482446 global sum = 51946570 time = 6765
---- End MPI Approach ----
MPI Total Time: 16557

-MPI- Rank = 2: n = 1048576 local sum = 6487798 global sum = 51946570 time = 6679
---- End MPI Approach ----
MPI Total Time: 16246

-MPI- Rank = 5: n = 1048576 local sum = 6481900 global sum = 51946570 time = 6811
---- End MPI Approach ----
MPI Total Time: 16580

-MPI- Rank = 4: n = 1048576 local sum = 6488927 global sum = 51946570 time = 6807
---- End MPI Approach ----
MPI Total Time: 16591

-MPI- Rank = 7: n = 1048576 local sum = 6497985 global sum = 51946570 time = 6772
---- End MPI Approach ----
MPI Total Time: 16606

